==5210== Memcheck, a memory error detector
==5210== Copyright (C) 2002-2017, and GNU GPL'd, by Julian Seward et al.
==5210== Using Valgrind-3.15.0 and LibVEX; rerun with -h for copyright info
==5210== Command: ./Starter 7
==5210== 
==5210== error calling PR_SET_PTRACER, vgdb might block
[Starter]: With seed: 7
[Executor]: Number of iterations is 77
[Executor]: Iteration with maximum vowel count is 43
[Starter]: Running ratio: 0.241263
==5210== 
==5210== HEAP SUMMARY:
==5210==     in use at exit: 9,342 bytes in 77 blocks
==5210==   total heap usage: 78 allocs, 1 frees, 13,438 bytes allocated
==5210== 
==5210== 9,342 bytes in 77 blocks are definitely lost in loss record 1 of 1
==5210==    at 0x483B7F3: malloc (in /usr/lib/x86_64-linux-gnu/valgrind/vgpreload_memcheck-amd64-linux.so)
==5210==    by 0x10949E: get_running_ratio (in /home/deapinkme/homework/ColoState/HW1/Starter)
==5210==    by 0x1092A1: main (in /home/deapinkme/homework/ColoState/HW1/Starter)
==5210== 
==5210== LEAK SUMMARY:
==5210==    definitely lost: 9,342 bytes in 77 blocks
==5210==    indirectly lost: 0 bytes in 0 blocks
==5210==      possibly lost: 0 bytes in 0 blocks
==5210==    still reachable: 0 bytes in 0 blocks
==5210==         suppressed: 0 bytes in 0 blocks
==5210== 
==5210== For lists of detected and suppressed errors, rerun with: -s
==5210== ERROR SUMMARY: 1 errors from 1 contexts (suppressed: 0 from 0)
